빌드 시작: 2017-02-21 오전 10:17:23
     1>2 노드의 "C:\Users\USER\documents\visual studio 2013\Projects\CHW20\CHW20\CHW20.vcxproj" 프로젝트(Build 대상)입니다.
     1>ClCompile:
         C:\Program Files (x86)\Microsoft Visual Studio 12.0\VC\bin\CL.exe /c /ZI /nologo /W3 /WX- /sdl /Od /Oy- /D WIN32 /D _DEBUG /D _CONSOLE /D _LIB /D _UNICODE /D UNICODE /Gm /EHsc /RTC1 /MDd /GS /fp:precise /Zc:wchar_t /Zc:forScope /Fo"Debug\\" /Fd"Debug\vc120.pdb" /Gd /TP /analyze- /errorReport:prompt main.cpp
         main.cpp
     1>c:\users\user\documents\visual studio 2013\projects\chw20\chw20\main.cpp(44): error C2065: 'score' : 선언되지 않은 식별자입니다.
     1>c:\users\user\documents\visual studio 2013\projects\chw20\chw20\main.cpp(46): error C2065: 'score' : 선언되지 않은 식별자입니다.
     1>"C:\Users\USER\documents\visual studio 2013\Projects\CHW20\CHW20\CHW20.vcxproj" 프로젝트를 빌드했습니다(Build 대상). - 실패

빌드하지 못했습니다.

경과 시간: 00:00:00.87
